<?xml version="1.0" encoding="UTF-8"?>
<robot generator="Robot 4.0 (Python 3.9.1 on win32)" generated="20210724 14:03:42.750" rpa="false" schemaversion="2">
<suite id="s1" name="RScript" source="D:\ROBOT_FRAMEWORK\TEST CASES\RScript.robot">
<test id="s1-t1" name="LoginTest">
<kw name="Openmybrowser" type="SETUP">
<msg timestamp="20210724 14:03:42.919" level="FAIL">No keyword with name 'Openmybrowser' found. Did you mean:
    SeleniumLibrary.Open Browser</msg>
<status status="FAIL" starttime="20210724 14:03:42.919" endtime="20210724 14:03:42.919"/>
</kw>
<status status="FAIL" starttime="20210724 14:03:42.916" endtime="20210724 14:03:42.920">Setup failed:
No keyword with name 'Openmybrowser' found. Did you mean:
    SeleniumLibrary.Open Browser</status>
</test>
<status status="FAIL" starttime="20210724 14:03:42.752" endtime="20210724 14:03:42.921"/>
</suite>
<statistics>
<total>
<stat pass="0" fail="1" skip="0">All Tests</stat>
</total>
<tag>
</tag>
<suite>
<stat pass="0" fail="1" skip="0" id="s1" name="RScript">RScript</stat>
</suite>
</statistics>
<errors>
<msg timestamp="20210724 14:03:42.747" level="ERROR">Error in file 'D:\ROBOT_FRAMEWORK\TEST CASES\RScript.robot' on line 5: Non-existing setting 'Test tardown'. Did you mean:
    Test Teardown</msg>
<msg timestamp="20210724 14:03:42.915" level="ERROR">Error in file 'D:\ROBOT_FRAMEWORK\TEST CASES\RScript.robot' on line 3: Error in file 'D:\ROBOT_FRAMEWORK\TEST CASES\Samplefile.robot' on line 11: Resource file with 'Test Cases' section is invalid.</msg>
</errors>
</robot>
